TN:
SF:src/assets/moon-phases/first-quarter-moon.jpg
FNF:0
FNH:0
LF:0
LH:0
BRF:0
BRH:0
end_of_record
TN:
SF:src/assets/moon-phases/full-moon.jpg
FNF:0
FNH:0
LF:0
LH:0
BRF:0
BRH:0
end_of_record
TN:
SF:src/assets/moon-phases/index.ts
FNF:0
FNH:0
LF:0
LH:0
BRF:0
BRH:0
end_of_record
TN:
SF:src/assets/moon-phases/new-moon.jpg
FNF:0
FNH:0
LF:0
LH:0
BRF:0
BRH:0
end_of_record
TN:
SF:src/assets/moon-phases/third-quarter-moon.jpg
FNF:0
FNH:0
LF:0
LH:0
BRF:0
BRH:0
end_of_record
TN:
SF:src/assets/moon-phases/waning-crescent-moon.jpg
FNF:0
FNH:0
LF:0
LH:0
BRF:0
BRH:0
end_of_record
TN:
SF:src/assets/moon-phases/waning-gibbous-moon.jpg
FNF:0
FNH:0
LF:0
LH:0
BRF:0
BRH:0
end_of_record
TN:
SF:src/assets/moon-phases/waxing-crescent-moon.jpg
FNF:0
FNH:0
LF:0
LH:0
BRF:0
BRH:0
end_of_record
TN:
SF:src/assets/moon-phases/waxing-gibbous-moon.jpg
FNF:0
FNH:0
LF:0
LH:0
BRF:0
BRH:0
end_of_record
TN:
SF:src/components/index.ts
FNF:0
FNH:0
LF:0
LH:0
BRF:0
BRH:0
end_of_record
TN:
SF:src/components/AirQuality/AirQuality.style.ts
FNF:0
FNH:0
DA:5,27
DA:10,27
DA:18,27
LF:3
LH:3
BRF:0
BRH:0
end_of_record
TN:
SF:src/components/AirQuality/AirQuality.tsx
FN:7,(anonymous_0)
FN:12,(anonymous_1)
FNF:2
FNH:2
FNDA:2,(anonymous_0)
FNDA:12,(anonymous_1)
DA:7,27
DA:8,2
DA:13,12
DA:14,12
DA:16,12
LF:5
LH:5
BRF:0
BRH:0
end_of_record
TN:
SF:src/components/AirQuality/index.ts
FNF:0
FNH:0
LF:0
LH:0
BRF:0
BRH:0
end_of_record
TN:
SF:src/components/AppLayout/AppLayout.style.ts
FNF:0
FNH:0
DA:4,27
LF:1
LH:1
BRF:0
BRH:0
end_of_record
TN:
SF:src/components/AppLayout/AppLayout.tsx
FN:4,AppLayout
FNF:1
FNH:1
FNDA:2,AppLayout
DA:5,2
LF:1
LH:1
BRF:0
BRH:0
end_of_record
TN:
SF:src/components/AppLayout/index.ts
FNF:0
FNH:0
LF:0
LH:0
BRF:0
BRH:0
end_of_record
TN:
SF:src/components/BackgroundVideo/BackgroundVideo.style.tsx
FNF:0
FNH:0
DA:4,27
LF:1
LH:1
BRF:0
BRH:0
end_of_record
TN:
SF:src/components/BackgroundVideo/BackgroundVideo.tsx
FN:4,BackgroundVideo
FN:7,(anonymous_1)
FN:12,(anonymous_2)
FNF:3
FNH:2
FNDA:2,BackgroundVideo
FNDA:2,(anonymous_1)
FNDA:0,(anonymous_2)
DA:5,2
DA:7,2
DA:8,2
DA:9,2
DA:11,2
DA:12,2
DA:16,2
LF:7
LH:7
BRDA:9,0,0,0
BRDA:9,0,1,2
BRF:2
BRH:1
end_of_record
TN:
SF:src/components/BackgroundVideo/index.ts
FNF:0
FNH:0
LF:0
LH:0
BRF:0
BRH:0
end_of_record
TN:
SF:src/components/CoordinatesInfo/CoordinatesInfo.style.ts
FNF:0
FNH:0
DA:6,26
DA:13,26
LF:2
LH:2
BRF:0
BRH:0
end_of_record
TN:
SF:src/components/CoordinatesInfo/CoordinatesInfo.tsx
FN:4,CoordinatesInfo
FNF:1
FNH:1
FNDA:2,CoordinatesInfo
DA:8,2
LF:1
LH:1
BRF:0
BRH:0
end_of_record
TN:
SF:src/components/CoordinatesInfo/index.ts
FNF:0
FNH:0
LF:0
LH:0
BRF:0
BRH:0
end_of_record
TN:
SF:src/components/DailyRainChart/DailyRainChart.style.ts
FNF:0
FNH:0
DA:5,26
DA:22,26
DA:30,26
DA:36,26
DA:40,26
LF:5
LH:5
BRF:0
BRH:0
end_of_record
TN:
SF:src/components/DailyRainChart/DailyRainChart.tsx
FN:5,DailyRainChart
FN:8,(anonymous_1)
FNF:2
FNH:2
FNDA:2,DailyRainChart
FNDA:3,(anonymous_1)
DA:6,2
DA:8,3
DA:13,1
LF:3
LH:3
BRDA:6,0,0,1
BRDA:6,0,1,1
BRF:2
BRH:2
end_of_record
TN:
SF:src/components/DailyRainChart/index.ts
FNF:0
FNH:0
LF:0
LH:0
BRF:0
BRH:0
end_of_record
TN:
SF:src/components/HourlyForecast/HourlyForecast.style.ts
FNF:0
FNH:0
DA:5,26
DA:16,26
DA:25,26
DA:30,26
DA:36,26
DA:41,26
LF:6
LH:6
BRF:0
BRH:0
end_of_record
TN:
SF:src/components/HourlyForecast/HourlyForecast.tsx
FN:5,HourlyForecast
FN:8,(anonymous_1)
FNF:2
FNH:2
FNDA:2,HourlyForecast
FNDA:2,(anonymous_1)
DA:6,2
DA:9,2
LF:2
LH:2
BRDA:10,0,0,1
BRDA:10,0,1,1
BRDA:14,1,0,2
BRDA:14,1,1,1
BRF:4
BRH:4
end_of_record
TN:
SF:src/components/HourlyForecast/index.ts
FNF:0
FNH:0
LF:0
LH:0
BRF:0
BRH:0
end_of_record
TN:
SF:src/components/HourlyWeatherChart/HourlyWatherChart.style.ts
FNF:0
FNH:0
DA:5,26
DA:13,26
DA:21,26
LF:3
LH:3
BRF:0
BRH:0
end_of_record
TN:
SF:src/components/HourlyWeatherChart/HourlyWeatherChart.tsx
FN:6,HourlyWeatherChart
FN:11,(anonymous_1)
FN:16,(anonymous_2)
FNF:3
FNH:3
FNDA:2,HourlyWeatherChart
FNDA:2,(anonymous_1)
FNDA:2,(anonymous_2)
DA:7,2
DA:8,1
DA:11,2
DA:16,2
DA:17,1
DA:18,1
DA:19,1
DA:21,1
LF:8
LH:8
BRDA:7,0,0,1
BRDA:7,0,1,1
BRDA:7,1,0,2
BRDA:7,1,1,2
BRF:4
BRH:4
end_of_record
TN:
SF:src/components/HourlyWeatherChart/index.ts
FNF:0
FNH:0
LF:0
LH:0
BRF:0
BRH:0
end_of_record
TN:
SF:src/components/Humidity/Humidity.tsx
FN:4,Humidity
FNF:1
FNH:1
FNDA:2,Humidity
DA:5,2
LF:1
LH:1
BRF:0
BRH:0
end_of_record
TN:
SF:src/components/Humidity/index.ts
FNF:0
FNH:0
LF:0
LH:0
BRF:0
BRH:0
end_of_record
TN:
SF:src/components/InfoPopup/InfoPopup.style.ts
FNF:0
FNH:0
DA:5,26
DA:13,26
DA:20,26
DA:30,26
DA:36,26
DA:45,26
LF:6
LH:6
BRF:0
BRH:0
end_of_record
TN:
SF:src/components/InfoPopup/InfoPopup.tsx
FN:11,InfoPopup
FNF:1
FNH:0
FNDA:0,InfoPopup
DA:16,0
LF:1
LH:0
BRF:0
BRH:0
end_of_record
TN:
SF:src/components/InfoPopup/index.ts
FNF:0
FNH:0
LF:0
LH:0
BRF:0
BRH:0
end_of_record
TN:
SF:src/components/InfoPopup/InfoPopupScreen3/InfoPopupScreen3.style.ts
FN:19,(anonymous_0)
FNF:1
FNH:0
FNDA:0,(anonymous_0)
DA:5,26
DA:13,26
DA:19,0
LF:3
LH:2
BRF:0
BRH:0
end_of_record
TN:
SF:src/components/InfoPopup/InfoPopupScreen3/InfoPopupScreen3.tsx
FN:4,InfoPopupScreen3
FNF:1
FNH:0
FNDA:0,InfoPopupScreen3
DA:5,0
LF:1
LH:0
BRF:0
BRH:0
end_of_record
TN:
SF:src/components/InfoPopup/InfoPopupScreen3/index.ts
FNF:0
FNH:0
LF:0
LH:0
BRF:0
BRH:0
end_of_record
TN:
SF:src/components/InfoPopup/InfoPopupScreen4/InfoPopupScreen4.tsx
FN:1,InfoPopupScreen4
FNF:1
FNH:0
FNDA:0,InfoPopupScreen4
DA:2,0
LF:1
LH:0
BRF:0
BRH:0
end_of_record
TN:
SF:src/components/InfoPopup/InfoPopupScreen4/index.ts
FNF:0
FNH:0
LF:0
LH:0
BRF:0
BRH:0
end_of_record
TN:
SF:src/components/InfoPopup/InfoPopupScreen5/InfoPopupScreen5.tsx
FN:4,InfoPopupScreen5
FNF:1
FNH:0
FNDA:0,InfoPopupScreen5
DA:5,0
LF:1
LH:0
BRF:0
BRH:0
end_of_record
TN:
SF:src/components/InfoPopup/InfoPopupScreen5/index.ts
FNF:0
FNH:0
LF:0
LH:0
BRF:0
BRH:0
end_of_record
TN:
SF:src/components/LunarCalendar/LunarCalendar.style.ts
FNF:0
FNH:0
DA:5,26
DA:12,26
DA:17,26
DA:25,26
DA:37,26
DA:43,26
DA:48,26
LF:7
LH:7
BRF:0
BRH:0
end_of_record
TN:
SF:src/components/LunarCalendar/LunarCalendar.tsx
FN:5,LunarCalendar
FN:10,(anonymous_1)
FNF:2
FNH:2
FNDA:1,LunarCalendar
FNDA:2,(anonymous_1)
DA:6,1
DA:11,2
LF:2
LH:2
BRF:0
BRH:0
end_of_record
TN:
SF:src/components/LunarCalendar/index.ts
FNF:0
FNH:0
LF:0
LH:0
BRF:0
BRH:0
end_of_record
TN:
SF:src/components/MobileScreenWithCard/MobileScreenWithCard.style.ts
FNF:0
FNH:0
DA:5,26
DA:15,26
LF:2
LH:2
BRF:0
BRH:0
end_of_record
TN:
SF:src/components/MobileScreenWithCard/MobileScreenWithCard.tsx
FN:3,MobileScreenWithCard
FNF:1
FNH:1
FNDA:1,MobileScreenWithCard
DA:4,1
LF:1
LH:1
BRF:0
BRH:0
end_of_record
TN:
SF:src/components/MobileScreenWithCard/index.ts
FNF:0
FNH:0
LF:0
LH:0
BRF:0
BRH:0
end_of_record
TN:
SF:src/components/MobileScreens/MobileScreens.style.ts
FNF:0
FNH:0
DA:5,1
DA:9,1
LF:2
LH:2
BRF:0
BRH:0
end_of_record
TN:
SF:src/components/MobileScreens/MobileScreens.tsx
FN:3,MobileScreens
FNF:1
FNH:1
FNDA:1,MobileScreens
DA:4,1
LF:1
LH:1
BRF:0
BRH:0
end_of_record
TN:
SF:src/components/MoonImage/MoonImage.style.ts
FNF:0
FNH:0
DA:5,26
DA:10,26
DA:17,26
LF:3
LH:3
BRF:0
BRH:0
end_of_record
TN:
SF:src/components/MoonImage/MoonImage.tsx
FN:5,MoonImage
FNF:1
FNH:1
FNDA:2,MoonImage
DA:6,2
LF:1
LH:1
BRDA:9,0,0,2
BRDA:9,0,1,0
BRF:2
BRH:1
end_of_record
TN:
SF:src/components/MoonImage/index.ts
FNF:0
FNH:0
LF:0
LH:0
BRF:0
BRH:0
end_of_record
TN:
SF:src/components/MoonInfoItem/MoonInfoItem.style.ts
FNF:0
FNH:0
DA:5,26
DA:13,26
DA:18,26
DA:26,26
LF:4
LH:4
BRF:0
BRH:0
end_of_record
TN:
SF:src/components/MoonInfoItem/MoonInfoItem.tsx
FN:4,MoonInfoItem
FNF:1
FNH:1
FNDA:3,MoonInfoItem
DA:5,3
DA:6,3
DA:8,3
LF:3
LH:3
BRDA:6,0,0,3
BRDA:6,0,1,0
BRF:2
BRH:1
end_of_record
TN:
SF:src/components/MoonInfoItem/index.ts
FNF:0
FNH:0
LF:0
LH:0
BRF:0
BRH:0
end_of_record
TN:
SF:src/components/PlaceholderBlock/PlaceholderBlock.style.ts
FNF:0
FNH:0
DA:5,26
LF:1
LH:1
BRF:0
BRH:0
end_of_record
TN:
SF:src/components/PlaceholderBlock/PlaceholderBlock.tsx
FN:4,PlaceholderBlock
FNF:1
FNH:1
FNDA:1,PlaceholderBlock
DA:5,1
LF:1
LH:1
BRF:0
BRH:0
end_of_record
TN:
SF:src/components/PlaceholderBlock/index.ts
FNF:0
FNH:0
LF:0
LH:0
BRF:0
BRH:0
end_of_record
TN:
SF:src/components/PollutantGauge/PollutantGauge.style.ts
FN:58,(anonymous_0)
FNF:1
FNH:1
FNDA:5,(anonymous_0)
DA:5,26
DA:17,26
DA:25,26
DA:37,26
DA:46,26
DA:55,26
DA:58,5
DA:64,26
LF:8
LH:8
BRF:0
BRH:0
end_of_record
TN:
SF:src/components/PollutantGauge/PollutantGauge.tsx
FN:5,(anonymous_0)
FNF:1
FNH:1
FNDA:5,(anonymous_0)
DA:5,26
DA:13,5
DA:14,5
DA:16,5
DA:17,5
DA:18,5
DA:19,5
DA:21,5
DA:23,5
LF:9
LH:9
BRDA:73,0,0,5
BRDA:73,0,1,5
BRDA:77,1,0,5
BRDA:77,1,1,5
BRDA:77,1,2,5
BRDA:83,2,0,5
BRDA:83,2,1,5
BRF:7
BRH:7
end_of_record
TN:
SF:src/components/PollutantGauge/index.ts
FNF:0
FNH:0
LF:0
LH:0
BRF:0
BRH:0
end_of_record
TN:
SF:src/components/PressureGauge/PressureGauge.style.ts
FNF:0
FNH:0
DA:5,26
DA:18,26
DA:26,26
DA:32,26
LF:4
LH:4
BRF:0
BRH:0
end_of_record
TN:
SF:src/components/PressureGauge/PressureGauge.tsx
FN:12,PressureGauge
FNF:1
FNH:1
FNDA:5,PressureGauge
DA:13,5
DA:14,5
DA:16,5
DA:18,5
DA:20,5
LF:5
LH:5
BRF:0
BRH:0
end_of_record
TN:
SF:src/components/PressureGauge/index.ts
FNF:0
FNH:0
LF:0
LH:0
BRF:0
BRH:0
end_of_record
TN:
SF:src/components/PressureValue/PressureValue.tsx
FN:4,PressureValue
FNF:1
FNH:1
FNDA:1,PressureValue
DA:5,1
LF:1
LH:1
BRF:0
BRH:0
end_of_record
TN:
SF:src/components/PressureValue/index.ts
FNF:0
FNH:0
LF:0
LH:0
BRF:0
BRH:0
end_of_record
TN:
SF:src/components/RainChance/RainChance.style.ts
FN:37,(anonymous_0)
FNF:1
FNH:1
FNDA:5,(anonymous_0)
DA:5,26
DA:14,26
DA:20,26
DA:32,26
DA:37,5
DA:46,26
DA:51,26
LF:7
LH:7
BRF:0
BRH:0
end_of_record
TN:
SF:src/components/RainChance/RainChance.tsx
FN:4,RainChance
FNF:1
FNH:1
FNDA:5,RainChance
DA:5,5
DA:7,5
LF:2
LH:2
BRDA:4,0,0,5
BRDA:15,1,0,5
BRDA:15,1,1,1
BRF:3
BRH:3
end_of_record
TN:
SF:src/components/RainChance/index.ts
FNF:0
FNH:0
LF:0
LH:0
BRF:0
BRH:0
end_of_record
TN:
SF:src/components/RainChanceChart/RainChanceChart.style.ts
FNF:0
FNH:0
DA:5,26
DA:14,26
DA:20,26
DA:30,26
DA:40,26
DA:49,26
DA:53,26
DA:61,26
LF:8
LH:8
BRF:0
BRH:0
end_of_record
TN:
SF:src/components/RainChanceChart/RainChanceChart.tsx
FN:4,RainChanceChart
FN:9,(anonymous_1)
FNF:2
FNH:2
FNDA:3,RainChanceChart
FNDA:9,(anonymous_1)
DA:5,3
DA:10,9
DA:12,9
LF:3
LH:3
BRDA:16,0,0,9
BRDA:16,0,1,0
BRDA:18,1,0,9
BRDA:18,1,1,0
BRF:4
BRH:2
end_of_record
TN:
SF:src/components/RainChanceChart/index.ts
FNF:0
FNH:0
LF:0
LH:0
BRF:0
BRH:0
end_of_record
TN:
SF:src/components/ScreenContainer/ScreenContainer.style.tsx
FNF:0
FNH:0
DA:4,1
LF:1
LH:1
BRF:0
BRH:0
end_of_record
TN:
SF:src/components/ScreenContainer/ScreenContainer.tsx
FN:4,ScreenContainer
FNF:1
FNH:1
FNDA:1,ScreenContainer
DA:5,1
LF:1
LH:1
BRF:0
BRH:0
end_of_record
TN:
SF:src/components/StatusDot/StatusDot.style.ts
FN:7,(anonymous_0)
FNF:1
FNH:1
FNDA:1,(anonymous_0)
DA:4,27
DA:7,1
LF:2
LH:2
BRF:0
BRH:0
end_of_record
TN:
SF:src/components/StatusDot/StatusDot.tsx
FN:4,StatusDot
FNF:1
FNH:1
FNDA:1,StatusDot
DA:5,1
LF:1
LH:1
BRF:0
BRH:0
end_of_record
TN:
SF:src/components/StatusDot/index.ts
FNF:0
FNH:0
LF:0
LH:0
BRF:0
BRH:0
end_of_record
TN:
SF:src/components/UvIndex/UvIndex.tsx
FN:4,UvIndex
FNF:1
FNH:1
FNDA:1,UvIndex
DA:5,1
LF:1
LH:1
BRF:0
BRH:0
end_of_record
TN:
SF:src/components/UvIndex/index.ts
FNF:0
FNH:0
LF:0
LH:0
BRF:0
BRH:0
end_of_record
TN:
SF:src/components/VisibilityItem/VisibilityItem.tsx
FN:4,VisibilityItem
FNF:1
FNH:1
FNDA:1,VisibilityItem
DA:5,1
LF:1
LH:1
BRF:0
BRH:0
end_of_record
TN:
SF:src/components/VisibilityItem/index.ts
FNF:0
FNH:0
LF:0
LH:0
BRF:0
BRH:0
end_of_record
TN:
SF:src/components/WeatherCurrent/WeatherCurrent.style.ts
FNF:0
FNH:0
DA:5,27
DA:14,27
DA:23,27
DA:33,27
DA:40,27
DA:48,27
LF:6
LH:6
BRF:0
BRH:0
end_of_record
TN:
SF:src/components/WeatherCurrent/WeatherCurrent.tsx
FN:12,WeatherCurrent
FNF:1
FNH:1
FNDA:1,WeatherCurrent
DA:13,1
DA:20,1
LF:2
LH:2
BRDA:13,0,0,1
BRDA:13,0,1,0
BRDA:38,1,0,1
BRDA:38,1,1,1
BRF:4
BRH:3
end_of_record
TN:
SF:src/components/WeatherCurrent/index.ts
FNF:0
FNH:0
LF:0
LH:0
BRF:0
BRH:0
end_of_record
TN:
SF:src/components/WeatherDayInfo/WeatherDayInfo.style.ts
FNF:0
FNH:0
DA:5,26
DA:12,26
DA:25,26
DA:28,26
DA:32,26
DA:39,26
LF:6
LH:6
BRF:0
BRH:0
end_of_record
TN:
SF:src/components/WeatherDayInfo/WeatherDayInfo.tsx
FN:4,WeatherDayInfo
FNF:1
FNH:1
FNDA:1,WeatherDayInfo
DA:5,1
DA:6,1
DA:7,1
DA:8,1
DA:10,1
LF:5
LH:5
BRF:0
BRH:0
end_of_record
TN:
SF:src/components/WeatherDayInfo/index.ts
FNF:0
FNH:0
LF:0
LH:0
BRF:0
BRH:0
end_of_record
TN:
SF:src/components/WeatherIcon/WeatherIcon.style.ts
FNF:0
FNH:0
DA:4,26
DA:10,26
LF:2
LH:2
BRF:0
BRH:0
end_of_record
TN:
SF:src/components/WeatherIcon/WeatherIcon.tsx
FN:5,WeatherIcon
FNF:1
FNH:0
FNDA:0,WeatherIcon
DA:9,0
DA:11,0
DA:13,0
LF:3
LH:0
BRDA:11,0,0,0
BRDA:11,0,1,0
BRF:2
BRH:0
end_of_record
TN:
SF:src/components/WeatherIcon/index.ts
FNF:0
FNH:0
LF:0
LH:0
BRF:0
BRH:0
end_of_record
TN:
SF:src/components/WeatherSearch/WeatherSearch.style.tsx
FNF:0
FNH:0
DA:5,26
DA:10,26
DA:23,26
DA:38,26
DA:69,26
DA:88,26
DA:101,26
LF:7
LH:7
BRF:0
BRH:0
end_of_record
TN:
SF:src/components/WeatherSearch/WeatherSearch.tsx
FN:14,WeatherSearch
FN:35,(anonymous_1)
FN:43,(anonymous_2)
FN:46,(anonymous_3)
FNF:4
FNH:3
FNDA:9,WeatherSearch
FNDA:0,(anonymous_1)
FNDA:2,(anonymous_2)
FNDA:1,(anonymous_3)
DA:20,9
DA:22,9
DA:24,9
DA:35,0
DA:44,2
DA:47,1
DA:48,1
LF:7
LH:6
BRDA:22,0,0,9
BRDA:22,0,1,2
BRDA:22,0,2,2
BRDA:38,1,0,9
BRDA:38,1,1,2
BRDA:39,2,0,9
BRDA:39,2,1,0
BRDA:41,3,0,9
BRDA:41,3,1,2
BRF:9
BRH:8
end_of_record
TN:
SF:src/components/WeatherSearch/index.ts
FNF:0
FNH:0
LF:0
LH:0
BRF:0
BRH:0
end_of_record
TN:
SF:src/components/Wind/Wind.style.ts
FNF:0
FNH:0
DA:5,27
DA:10,27
LF:2
LH:2
BRF:0
BRH:0
end_of_record
TN:
SF:src/components/Wind/Wind.tsx
FN:5,Wind
FNF:1
FNH:1
FNDA:3,Wind
DA:8,3
LF:1
LH:1
BRF:0
BRH:0
end_of_record
TN:
SF:src/components/Wind/index.ts
FNF:0
FNH:0
LF:0
LH:0
BRF:0
BRH:0
end_of_record
TN:
SF:src/components/WindCompass/WindCompass.style.ts
FNF:0
FNH:0
DA:5,27
DA:15,27
DA:22,27
DA:29,27
LF:4
LH:4
BRF:0
BRH:0
end_of_record
TN:
SF:src/components/WindCompass/WindCompass.tsx
FN:6,WindCompass
FN:31,(anonymous_1)
FNF:2
FNH:2
FNDA:5,WindCompass
FNDA:20,(anonymous_1)
DA:11,5
DA:12,5
DA:13,5
DA:14,5
DA:16,5
DA:32,20
LF:6
LH:6
BRF:0
BRH:0
end_of_record
TN:
SF:src/components/WindCompass/index.ts
FNF:0
FNH:0
LF:0
LH:0
BRF:0
BRH:0
end_of_record
TN:
SF:src/components/WindCompassMarks/WindCompassMarks.style.ts
FNF:0
FNH:0
DA:4,26
LF:1
LH:1
BRF:0
BRH:0
end_of_record
TN:
SF:src/components/WindCompassMarks/WindCompassMarks.tsx
FN:4,WindCompassMarks
FN:7,(anonymous_1)
FNF:2
FNH:2
FNDA:3,WindCompassMarks
FNDA:180,(anonymous_1)
DA:5,3
DA:8,180
DA:9,180
DA:10,180
DA:11,180
DA:13,180
LF:6
LH:6
BRDA:10,0,0,36
BRDA:10,0,1,144
BRDA:20,1,0,36
BRDA:20,1,1,144
BRF:4
BRH:4
end_of_record
TN:
SF:src/components/WindCompassMarks/index.ts
FNF:0
FNH:0
LF:0
LH:0
BRF:0
BRH:0
end_of_record
TN:
SF:src/components/WindCompassSpeed/WindCompassSpeed.style.ts
FNF:0
FNH:0
DA:4,26
DA:11,26
LF:2
LH:2
BRF:0
BRH:0
end_of_record
TN:
SF:src/components/WindCompassSpeed/WindCompassSpeed.tsx
FN:4,WindCompassSpeed
FNF:1
FNH:1
FNDA:4,WindCompassSpeed
DA:5,4
LF:1
LH:1
BRF:0
BRH:0
end_of_record
TN:
SF:src/components/WindCompassSpeed/index.ts
FNF:0
FNH:0
LF:0
LH:0
BRF:0
BRH:0
end_of_record
TN:
SF:src/components/WindItem/WindItem.style.ts
FN:62,(anonymous_0)
FNF:1
FNH:0
FNDA:0,(anonymous_0)
DA:5,26
DA:12,26
DA:25,26
DA:34,26
DA:39,26
DA:50,26
DA:54,26
DA:61,26
DA:62,0
LF:9
LH:8
BRF:0
BRH:0
end_of_record
TN:
SF:src/components/WindItem/WindItem.tsx
FN:6,WindItem
FNF:1
FNH:0
FNDA:0,WindItem
DA:10,0
DA:12,0
LF:2
LH:0
BRDA:10,0,0,0
BRDA:10,0,1,0
BRF:2
BRH:0
end_of_record
TN:
SF:src/components/WindItem/index.ts
FNF:0
FNH:0
LF:0
LH:0
BRF:0
BRH:0
end_of_record
TN:
SF:src/components/WindNeedle/WindNeedle.style.ts
FNF:0
FNH:0
DA:4,26
DA:8,26
LF:2
LH:2
BRF:0
BRH:0
end_of_record
TN:
SF:src/components/WindNeedle/WindNeedle.tsx
FN:4,WindNeedle
FNF:1
FNH:1
FNDA:3,WindNeedle
DA:5,3
LF:1
LH:1
BRF:0
BRH:0
end_of_record
TN:
SF:src/components/WindNeedle/index.ts
FNF:0
FNH:0
LF:0
LH:0
BRF:0
BRH:0
end_of_record
TN:
SF:src/components/shared-styles/index.ts
FNF:0
FNH:0
LF:0
LH:0
BRF:0
BRH:0
end_of_record
TN:
SF:src/components/shared-styles/item.style.ts
FNF:0
FNH:0
DA:5,26
DA:18,26
DA:25,26
DA:34,26
LF:4
LH:4
BRF:0
BRH:0
end_of_record
TN:
SF:src/config/airQuality.config.ts
FN:10,(anonymous_0)
FN:18,(anonymous_1)
FN:26,(anonymous_2)
FN:34,(anonymous_3)
FNF:4
FNH:4
FNDA:2,(anonymous_0)
FNDA:2,(anonymous_1)
FNDA:2,(anonymous_2)
FNDA:2,(anonymous_3)
DA:4,27
DA:10,2
DA:18,2
DA:26,2
DA:34,2
LF:5
LH:5
BRF:0
BRH:0
end_of_record
TN:
SF:src/config/index.ts
FNF:0
FNH:0
LF:0
LH:0
BRF:0
BRH:0
end_of_record
TN:
SF:src/config/infoPopups.config.ts
FNF:0
FNH:0
DA:6,27
LF:1
LH:1
BRF:0
BRH:0
end_of_record
TN:
SF:src/config/mobileScreens.config.tsx
FN:21,(anonymous_0)
FN:26,(anonymous_1)
FN:46,(anonymous_2)
FN:53,(anonymous_3)
FNF:4
FNH:0
FNDA:0,(anonymous_0)
FNDA:0,(anonymous_1)
FNDA:0,(anonymous_2)
FNDA:0,(anonymous_3)
DA:18,27
DA:22,0
DA:27,0
DA:47,0
DA:54,0
LF:5
LH:1
BRDA:22,0,0,0
BRDA:22,0,1,0
BRDA:47,1,0,0
BRDA:47,1,1,0
BRDA:54,2,0,0
BRDA:54,2,1,0
BRF:6
BRH:0
end_of_record
TN:
SF:src/config/weatherApi.config.ts
FNF:0
FNH:0
DA:1,31
DA:7,31
DA:8,0
DA:11,31
DA:12,0
LF:5
LH:3
BRDA:7,0,0,0
BRDA:7,0,1,31
BRDA:11,1,0,0
BRDA:11,1,1,31
BRF:4
BRH:2
end_of_record
TN:
SF:src/constants/AqiInfo.const.ts
FNF:0
FNH:0
DA:1,30
DA:3,30
DA:12,30
LF:3
LH:3
BRF:0
BRH:0
end_of_record
TN:
SF:src/constants/Breakpoints.const.ts
FNF:0
FNH:0
DA:1,30
LF:1
LH:1
BRF:0
BRH:0
end_of_record
TN:
SF:src/constants/Cardinals.const.ts
FN:6,(anonymous_0)
FN:7,(anonymous_1)
FN:11,(anonymous_2)
FN:12,(anonymous_3)
FN:16,(anonymous_4)
FN:17,(anonymous_5)
FN:21,(anonymous_6)
FN:22,(anonymous_7)
FNF:8
FNH:8
FNDA:5,(anonymous_0)
FNDA:5,(anonymous_1)
FNDA:5,(anonymous_2)
FNDA:5,(anonymous_3)
FNDA:5,(anonymous_4)
FNDA:5,(anonymous_5)
FNDA:5,(anonymous_6)
FNDA:5,(anonymous_7)
DA:3,30
DA:6,5
DA:7,5
DA:11,5
DA:12,5
DA:16,5
DA:17,5
DA:21,5
DA:22,5
LF:9
LH:9
BRF:0
BRH:0
end_of_record
TN:
SF:src/constants/ColorsAirQualityLevels.const.ts
FNF:0
FNH:0
DA:1,30
LF:1
LH:1
BRF:0
BRH:0
end_of_record
TN:
SF:src/constants/GeneralColors.const.ts
FNF:0
FNH:0
DA:1,30
LF:1
LH:1
BRF:0
BRH:0
end_of_record
TN:
SF:src/constants/Icons.const.ts
FNF:0
FNH:0
DA:19,30
LF:1
LH:1
BRF:0
BRH:0
end_of_record
TN:
SF:src/constants/MoonImages.const.ts
FNF:0
FNH:0
DA:13,30
LF:1
LH:1
BRF:0
BRH:0
end_of_record
TN:
SF:src/constants/Pressure.const.tsx
FNF:0
FNH:0
DA:1,30
DA:2,30
DA:3,30
DA:4,30
DA:5,30
DA:6,30
LF:6
LH:6
BRF:0
BRH:0
end_of_record
TN:
SF:src/constants/PressureColors.const.tsx
FNF:0
FNH:0
DA:1,30
LF:1
LH:1
BRF:0
BRH:0
end_of_record
TN:
SF:src/constants/TemperatureColors.tsx
FNF:0
FNH:0
DA:1,30
LF:1
LH:1
BRF:0
BRH:0
end_of_record
TN:
SF:src/constants/WindDeg.tsx
FN:1,WIN_DEG
FNF:1
FNH:0
FNDA:0,WIN_DEG
DA:4,0
DA:23,0
LF:2
LH:0
BRDA:23,0,0,0
BRDA:23,0,1,0
BRF:2
BRH:0
end_of_record
TN:
SF:src/constants/index.ts
FNF:0
FNH:0
LF:0
LH:0
BRF:0
BRH:0
end_of_record
TN:
SF:src/constants/screens.const.ts
FNF:0
FNH:0
DA:14,30
LF:1
LH:1
BRF:0
BRH:0
end_of_record
TN:
SF:src/constants/screensMap.const.tsx
FNF:0
FNH:0
DA:5,30
LF:1
LH:1
BRF:0
BRH:0
end_of_record
TN:
SF:src/constants/weatherIcons.ts
FNF:0
FNH:0
DA:1,30
LF:1
LH:1
BRF:0
BRH:0
end_of_record
TN:
SF:src/context/index.ts
FNF:0
FNH:0
LF:0
LH:0
BRF:0
BRH:0
end_of_record
TN:
SF:src/context/WeatherContext/WeatherContext.tsx
FN:18,WeatherProvider
FN:27,(anonymous_1)
FN:31,(anonymous_2)
FN:36,(anonymous_3)
FN:61,useWeatherContext
FNF:5
FNH:0
FNDA:0,WeatherProvider
FNDA:0,(anonymous_1)
FNDA:0,(anonymous_2)
FNDA:0,(anonymous_3)
FNDA:0,useWeatherContext
DA:14,30
DA:19,0
DA:20,0
DA:21,0
DA:22,0
DA:24,0
DA:25,0
DA:27,0
DA:28,0
DA:31,0
DA:32,0
DA:33,0
DA:36,0
DA:37,0
DA:38,0
DA:39,0
DA:41,0
DA:42,0
DA:44,0
DA:45,0
DA:47,0
DA:49,0
DA:53,0
DA:62,0
DA:63,0
DA:64,0
LF:26
LH:1
BRDA:28,0,0,0
BRDA:28,0,1,0
BRDA:28,1,0,0
BRDA:28,1,1,0
BRDA:32,2,0,0
BRDA:32,2,1,0
BRDA:63,3,0,0
BRDA:63,3,1,0
BRF:8
BRH:0
end_of_record
TN:
SF:src/context/WeatherContext/index.ts
FNF:0
FNH:0
LF:0
LH:0
BRF:0
BRH:0
end_of_record
TN:
SF:src/hooks/index.ts
FNF:0
FNH:0
LF:0
LH:0
BRF:0
BRH:0
end_of_record
TN:
SF:src/hooks/useBreakpoint.hook.ts
FN:3,useBreakpoint
FN:6,(anonymous_1)
FN:7,update
FN:16,(anonymous_3)
FNF:4
FNH:4
FNDA:8,useBreakpoint
FNDA:4,(anonymous_1)
FNDA:5,update
FNDA:4,(anonymous_3)
DA:4,8
DA:6,8
DA:8,5
DA:9,5
DA:10,1
DA:11,2
DA:14,4
DA:15,4
DA:16,4
DA:19,8
LF:10
LH:10
BRDA:9,0,0,2
BRDA:9,0,1,3
BRDA:9,1,0,1
BRDA:9,1,1,2
BRF:4
BRH:4
end_of_record
TN:
SF:src/hooks/useDevice.hook.ts
FN:5,useDevice
FN:6,(anonymous_1)
FN:16,(anonymous_2)
FN:17,(anonymous_3)
FN:22,(anonymous_4)
FNF:5
FNH:5
FNDA:5,useDevice
FNDA:5,(anonymous_1)
FNDA:4,(anonymous_2)
FNDA:1,(anonymous_3)
FNDA:4,(anonymous_4)
DA:6,5
DA:7,5
DA:9,5
DA:10,3
DA:11,2
DA:14,5
DA:16,5
DA:17,4
DA:18,1
DA:21,4
DA:22,4
DA:25,5
LF:12
LH:12
BRDA:9,0,0,2
BRDA:9,0,1,3
BRDA:10,1,0,1
BRDA:10,1,1,2
BRF:4
BRH:4
end_of_record
TN:
SF:src/hooks/useGeolocation.hook.ts
FN:4,useGeolocation
FN:11,(anonymous_1)
FN:22,(anonymous_2)
FN:32,(anonymous_3)
FNF:4
FNH:4
FNDA:7,useGeolocation
FNDA:4,(anonymous_1)
FNDA:1,(anonymous_2)
FNDA:1,(anonymous_3)
DA:5,7
DA:11,7
DA:12,4
DA:13,1
DA:18,1
DA:21,3
DA:23,1
DA:33,1
DA:42,7
LF:9
LH:9
BRDA:12,0,0,1
BRDA:12,0,1,3
BRF:2
BRH:2
end_of_record
TN:
SF:src/hooks/useLocationSearch.hook.ts
FN:5,useLocationSearch
FN:10,(anonymous_1)
FN:19,(anonymous_2)
FN:46,(anonymous_3)
FN:55,(anonymous_4)
FNF:5
FNH:5
FNDA:9,useLocationSearch
FNDA:3,(anonymous_1)
FNDA:2,(anonymous_2)
FNDA:2,(anonymous_3)
FNDA:1,(anonymous_4)
DA:6,9
DA:7,9
DA:8,9
DA:10,9
DA:11,3
DA:12,1
DA:13,1
DA:14,1
DA:17,2
DA:19,2
DA:20,2
DA:21,2
DA:22,2
DA:24,2
DA:26,2
DA:27,2
DA:30,0
DA:32,0
DA:33,0
DA:35,0
DA:38,0
DA:40,2
DA:44,2
DA:46,2
DA:47,2
DA:51,9
DA:55,1
LF:27
LH:22
BRDA:11,0,0,1
BRDA:11,0,1,2
BRDA:26,1,0,2
BRDA:26,1,1,0
BRDA:30,2,0,0
BRDA:30,2,1,0
BRDA:32,3,0,0
BRDA:32,3,1,0
BRDA:40,4,0,2
BRDA:40,4,1,0
BRF:10
BRH:4
end_of_record
TN:
SF:src/hooks/useWeather.hook.ts
FN:5,useWeather
FN:11,(anonymous_1)
FN:16,(anonymous_2)
FNF:3
FNH:3
FNDA:13,useWeather
FNDA:8,(anonymous_1)
FNDA:7,(anonymous_2)
DA:6,13
DA:7,13
DA:8,13
DA:9,13
DA:11,13
DA:12,8
DA:13,6
DA:16,13
DA:17,7
DA:18,7
DA:19,7
DA:21,7
DA:22,4
DA:24,4
DA:25,4
DA:27,3
DA:29,7
DA:33,13
LF:18
LH:18
BRDA:12,0,0,2
BRDA:12,0,1,6
BRF:2
BRH:2
end_of_record
TN:
SF:src/layouts/index.ts
FNF:0
FNH:0
LF:0
LH:0
BRF:0
BRH:0
end_of_record
TN:
SF:src/layouts/DeviceLayout/DeviceLayout.tsx
FN:5,DeviceLayout
FNF:1
FNH:0
FNDA:0,DeviceLayout
DA:6,0
DA:8,0
LF:2
LH:0
BRF:0
BRH:0
end_of_record
TN:
SF:src/layouts/DeviceLayout/index.ts
FNF:0
FNH:0
LF:0
LH:0
BRF:0
BRH:0
end_of_record
TN:
SF:src/layouts/RenderScreens/RenderScreens.tsx
FN:3,RenderScreens
FN:6,(anonymous_1)
FNF:2
FNH:0
FNDA:0,RenderScreens
FNDA:0,(anonymous_1)
DA:4,0
DA:7,0
LF:2
LH:0
BRF:0
BRH:0
end_of_record
TN:
SF:src/layouts/RenderScreens/index.ts
FNF:0
FNH:0
LF:0
LH:0
BRF:0
BRH:0
end_of_record
TN:
SF:src/layouts/ScreenLayout/ScreenLayout.style.ts
FNF:0
FNH:0
DA:4,30
DA:14,30
DA:27,30
DA:35,30
LF:4
LH:4
BRF:0
BRH:0
end_of_record
TN:
SF:src/layouts/ScreenLayout/ScreenLayout.tsx
FN:8,Layout
FN:19,ScreenLayoutGlass
FN:29,ScreenLayoutNoGlass
FNF:3
FNH:0
FNDA:0,Layout
FNDA:0,ScreenLayoutGlass
FNDA:0,ScreenLayoutNoGlass
DA:12,0
DA:20,0
DA:30,0
LF:3
LH:0
BRF:0
BRH:0
end_of_record
TN:
SF:src/layouts/ScreenLayout/index.ts
FNF:0
FNH:0
LF:0
LH:0
BRF:0
BRH:0
end_of_record
TN:
SF:src/layouts/ScrollViewport/ScrollViewport.style.tsx
FNF:0
FNH:0
DA:4,30
LF:1
LH:1
BRF:0
BRH:0
end_of_record
TN:
SF:src/layouts/ScrollViewport/ScrollViewport.tsx
FN:3,ScrollViewport
FNF:1
FNH:0
FNDA:0,ScrollViewport
DA:4,0
LF:1
LH:0
BRF:0
BRH:0
end_of_record
TN:
SF:src/layouts/ScrollViewport/index.ts
FNF:0
FNH:0
LF:0
LH:0
BRF:0
BRH:0
end_of_record
TN:
SF:src/mixins/index.ts
FNF:0
FNH:0
LF:0
LH:0
BRF:0
BRH:0
end_of_record
TN:
SF:src/mixins/setFlex.tsx
FN:3,(anonymous_0)
FNF:1
FNH:1
FNDA:1603,(anonymous_0)
DA:3,34
DA:7,1603
LF:2
LH:2
BRDA:4,0,0,1603
BRDA:5,1,0,1603
BRDA:6,2,0,1603
BRF:3
BRH:3
end_of_record
TN:
SF:src/mixins/setSize.tsx
FN:3,formatSize
FN:10,size
FN:17,sizeMax
FN:24,sizeMin
FNF:4
FNH:2
FNDA:1586,formatSize
FNDA:793,size
FNDA:0,sizeMax
FNDA:0,sizeMin
DA:4,1586
DA:5,0
DA:7,1586
DA:11,793
DA:18,0
DA:25,0
LF:6
LH:3
BRDA:4,0,0,0
BRDA:4,0,1,1586
BRDA:12,1,0,793
BRDA:12,1,1,0
BRDA:13,2,0,793
BRDA:13,2,1,0
BRDA:19,3,0,0
BRDA:19,3,1,0
BRDA:20,4,0,0
BRDA:20,4,1,0
BRDA:26,5,0,0
BRDA:26,5,1,0
BRDA:27,6,0,0
BRDA:27,6,1,0
BRF:14
BRH:3
end_of_record
TN:
SF:src/screens/index.ts
FNF:0
FNH:0
LF:0
LH:0
BRF:0
BRH:0
end_of_record
TN:
SF:src/screens/Screen1/Screen1.tsx
FN:5,Screen1
FN:14,(anonymous_1)
FNF:2
FNH:0
FNDA:0,Screen1
FNDA:0,(anonymous_1)
DA:6,0
DA:7,0
DA:9,0
DA:15,0
DA:16,0
LF:5
LH:0
BRF:0
BRH:0
end_of_record
TN:
SF:src/screens/Screen1/index.ts
FNF:0
FNH:0
LF:0
LH:0
BRF:0
BRH:0
end_of_record
TN:
SF:src/screens/Screen10/Screen10.style.ts
FNF:0
FNH:0
DA:4,30
DA:9,30
LF:2
LH:2
BRF:0
BRH:0
end_of_record
TN:
SF:src/screens/Screen10/Screen10.tsx
FN:5,Screen10
FN:25,(anonymous_1)
FNF:2
FNH:0
FNDA:0,Screen10
FNDA:0,(anonymous_1)
DA:6,0
DA:8,0
DA:10,0
DA:11,0
DA:12,0
DA:14,0
DA:25,0
LF:7
LH:0
BRDA:8,0,0,0
BRDA:8,0,1,0
BRDA:23,1,0,0
BRDA:23,1,1,0
BRF:4
BRH:0
end_of_record
TN:
SF:src/screens/Screen10/index.ts
FNF:0
FNH:0
LF:0
LH:0
BRF:0
BRH:0
end_of_record
TN:
SF:src/screens/Screen2/Screen2.tsx
FN:4,Screen2
FNF:1
FNH:0
FNDA:0,Screen2
DA:5,0
DA:7,0
DA:9,0
LF:3
LH:0
BRDA:7,0,0,0
BRDA:7,0,1,0
BRF:2
BRH:0
end_of_record
TN:
SF:src/screens/Screen2/index.ts
FNF:0
FNH:0
LF:0
LH:0
BRF:0
BRH:0
end_of_record
TN:
SF:src/screens/Screen3/Screen3.style.ts
FNF:0
FNH:0
DA:5,30
DA:15,30
DA:25,30
DA:36,30
LF:4
LH:4
BRF:0
BRH:0
end_of_record
TN:
SF:src/screens/Screen3/Screen3.tsx
FN:15,Screen3
FN:35,(anonymous_1)
FN:42,(anonymous_2)
FNF:3
FNH:0
FNDA:0,Screen3
FNDA:0,(anonymous_1)
FNDA:0,(anonymous_2)
DA:16,0
DA:17,0
DA:19,0
DA:21,0
DA:35,0
DA:42,0
LF:6
LH:0
BRDA:19,0,0,0
BRDA:19,0,1,0
BRDA:39,1,0,0
BRDA:39,1,1,0
BRF:4
BRH:0
end_of_record
TN:
SF:src/screens/Screen3/index.ts
FNF:0
FNH:0
LF:0
LH:0
BRF:0
BRH:0
end_of_record
TN:
SF:src/screens/Screen4/Screen4.style.ts
FNF:0
FNH:0
DA:5,30
DA:15,30
DA:26,30
LF:3
LH:3
BRF:0
BRH:0
end_of_record
TN:
SF:src/screens/Screen4/Screen4.tsx
FN:9,Screen4
FNF:1
FNH:0
FNDA:0,Screen4
DA:10,0
DA:12,0
DA:14,0
LF:3
LH:0
BRDA:12,0,0,0
BRDA:12,0,1,0
BRF:2
BRH:0
end_of_record
TN:
SF:src/screens/Screen4/index.ts
FNF:0
FNH:0
LF:0
LH:0
BRF:0
BRH:0
end_of_record
TN:
SF:src/screens/Screen5/Screen5.style.ts
FNF:0
FNH:0
DA:4,30
LF:1
LH:1
BRF:0
BRH:0
end_of_record
TN:
SF:src/screens/Screen5/Screen5.tsx
FN:5,Screen5
FNF:1
FNH:0
FNDA:0,Screen5
DA:6,0
DA:8,0
DA:10,0
LF:3
LH:0
BRDA:8,0,0,0
BRDA:8,0,1,0
BRDA:13,1,0,0
BRDA:13,1,1,0
BRF:4
BRH:0
end_of_record
TN:
SF:src/screens/Screen5/index.ts
FNF:0
FNH:0
LF:0
LH:0
BRF:0
BRH:0
end_of_record
TN:
SF:src/screens/Screen6/Screen6.style.ts
FNF:0
FNH:0
DA:4,30
DA:9,30
DA:15,30
DA:19,30
LF:4
LH:4
BRF:0
BRH:0
end_of_record
TN:
SF:src/screens/Screen6/Screen6.tsx
FN:6,Screen6
FNF:1
FNH:0
FNDA:0,Screen6
DA:7,0
DA:9,0
DA:11,0
DA:13,0
LF:4
LH:0
BRDA:9,0,0,0
BRDA:9,0,1,0
BRDA:9,1,0,0
BRDA:9,1,1,0
BRDA:17,2,0,0
BRDA:17,2,1,0
BRDA:27,3,0,0
BRDA:27,3,1,0
BRDA:27,3,2,0
BRF:9
BRH:0
end_of_record
TN:
SF:src/screens/Screen6/index.ts
FNF:0
FNH:0
LF:0
LH:0
BRF:0
BRH:0
end_of_record
TN:
SF:src/screens/Screen7/Screen7.style.ts
FNF:0
FNH:0
DA:5,30
LF:1
LH:1
BRF:0
BRH:0
end_of_record
TN:
SF:src/screens/Screen7/Screen7.tsx
FN:5,Screen7
FNF:1
FNH:0
FNDA:0,Screen7
DA:6,0
DA:8,0
DA:10,0
LF:3
LH:0
BRDA:8,0,0,0
BRDA:8,0,1,0
BRDA:13,1,0,0
BRDA:13,1,1,0
BRDA:13,1,2,0
BRF:5
BRH:0
end_of_record
TN:
SF:src/screens/Screen7/index.ts
FNF:0
FNH:0
LF:0
LH:0
BRF:0
BRH:0
end_of_record
TN:
SF:src/screens/Screen8/Screen8.style.ts
FNF:0
FNH:0
DA:4,30
DA:8,30
DA:13,30
DA:17,30
LF:4
LH:4
BRF:0
BRH:0
end_of_record
TN:
SF:src/screens/Screen8/Screen8.tsx
FN:6,Screen8
FNF:1
FNH:0
FNDA:0,Screen8
DA:7,0
DA:8,0
DA:9,0
DA:11,0
DA:12,0
DA:14,0
LF:6
LH:0
BRDA:9,0,0,0
BRDA:9,0,1,0
BRDA:11,1,0,0
BRDA:11,1,1,0
BRDA:11,2,0,0
BRDA:11,2,1,0
BRDA:12,3,0,0
BRDA:12,3,1,0
BRDA:12,4,0,0
BRDA:12,4,1,0
BRDA:18,5,0,0
BRDA:18,5,1,0
BRDA:23,6,0,0
BRDA:23,6,1,0
BRF:14
BRH:0
end_of_record
TN:
SF:src/screens/Screen8/index.ts
FNF:0
FNH:0
LF:0
LH:0
BRF:0
BRH:0
end_of_record
TN:
SF:src/screens/Screen9/Screen9.style.tsx
FNF:0
FNH:0
DA:5,30
DA:13,30
DA:21,30
LF:3
LH:3
BRF:0
BRH:0
end_of_record
TN:
SF:src/screens/Screen9/Screen9.tsx
FN:6,Screen9
FNF:1
FNH:0
FNDA:0,Screen9
DA:7,0
DA:9,0
DA:11,0
DA:13,0
DA:15,0
DA:19,0
LF:6
LH:0
BRDA:9,0,0,0
BRDA:9,0,1,0
BRDA:9,1,0,0
BRDA:9,1,1,0
BRDA:13,2,0,0
BRDA:13,2,1,0
BRDA:15,3,0,0
BRDA:15,3,1,0
BRF:8
BRH:0
end_of_record
TN:
SF:src/screens/Screen9/index.ts
FNF:0
FNH:0
LF:0
LH:0
BRF:0
BRH:0
end_of_record
TN:
SF:src/services/weather.service.ts
FN:7,getWeatherByCoords
FN:24,getWeatherByCity
FN:40,getForecastByCoords
FN:58,searchLocations
FNF:4
FNH:2
FNDA:2,getWeatherByCoords
FNDA:0,getWeatherByCity
FNDA:0,getForecastByCoords
FNDA:2,searchLocations
DA:4,31
DA:11,2
DA:15,2
DA:16,1
DA:17,0
DA:20,1
DA:27,0
DA:31,0
DA:32,0
DA:33,0
DA:36,0
DA:45,0
DA:49,0
DA:50,0
DA:51,0
DA:54,0
DA:59,2
DA:63,2
DA:64,0
DA:65,0
DA:68,2
LF:21
LH:8
BRDA:15,0,0,1
BRDA:15,0,1,1
BRDA:17,1,0,0
BRDA:17,1,1,0
BRDA:31,2,0,0
BRDA:31,2,1,0
BRDA:33,3,0,0
BRDA:33,3,1,0
BRDA:43,4,0,0
BRDA:49,5,0,0
BRDA:49,5,1,0
BRDA:51,6,0,0
BRDA:51,6,1,0
BRDA:63,7,0,0
BRDA:63,7,1,2
BRDA:65,8,0,0
BRDA:65,8,1,0
BRF:17
BRH:3
end_of_record
TN:
SF:src/utils/index.ts
FNF:0
FNH:0
LF:0
LH:0
BRF:0
BRH:0
end_of_record
TN:
SF:src/utils/aqi/aqi.converters.ts
FN:3,getAqiColor
FN:9,(anonymous_1)
FNF:2
FNH:2
FNDA:25,getAqiColor
FNDA:79,(anonymous_1)
DA:4,25
DA:6,24
DA:8,24
DA:9,79
DA:12,24
LF:5
LH:5
BRDA:4,0,0,1
BRDA:4,0,1,24
BRDA:12,1,0,24
BRDA:12,1,1,1
BRF:4
BRH:4
end_of_record
TN:
SF:src/utils/aqi/aqi.utils.ts
FN:3,pm25ToAQI
FN:12,pm10ToAQI
FN:19,simpleGasToAQI
FN:23,getAqiText
FN:24,(anonymous_4)
FNF:5
FNH:5
FNDA:8,pm25ToAQI
FNDA:7,pm10ToAQI
FNDA:12,simpleGasToAQI
FNDA:19,getAqiText
FNDA:41,(anonymous_4)
DA:4,8
DA:5,3
DA:6,3
DA:7,2
DA:8,2
DA:9,1
DA:13,7
DA:14,2
DA:15,2
DA:16,1
DA:20,12
DA:24,41
LF:12
LH:12
BRDA:4,0,0,5
BRDA:4,0,1,3
BRDA:5,1,0,1
BRDA:5,1,1,2
BRDA:7,2,0,1
BRDA:7,2,1,1
BRDA:13,3,0,5
BRDA:13,3,1,2
BRDA:14,4,0,1
BRDA:14,4,1,1
BRDA:24,5,0,19
BRDA:24,5,1,0
BRF:12
BRH:11
end_of_record
TN:
SF:src/utils/aqi/index.ts
FNF:0
FNH:0
LF:0
LH:0
BRF:0
BRH:0
end_of_record
TN:
SF:src/utils/date/date.utils.ts
FN:1,getCurrentHour
FN:7,formatHour
FN:16,getNextHours
FN:18,(anonymous_3)
FNF:4
FNH:4
FNDA:3,getCurrentHour
FNDA:3,formatHour
FNDA:2,getNextHours
FNDA:6,(anonymous_3)
DA:2,3
DA:3,3
DA:4,1
DA:8,3
DA:9,3
DA:17,2
DA:18,6
LF:7
LH:7
BRDA:3,0,0,2
BRDA:3,0,1,1
BRDA:7,1,0,3
BRDA:10,2,0,2
BRDA:10,2,1,1
BRDA:16,3,0,2
BRF:6
BRH:6
end_of_record
TN:
SF:src/utils/date/index.ts
FNF:0
FNH:0
LF:0
LH:0
BRF:0
BRH:0
end_of_record
TN:
SF:src/utils/forecast/getNextOurs.utils.ts
FN:1,getNextHours
FN:9,(anonymous_1)
FNF:2
FNH:2
FNDA:4,getNextHours
FNDA:24,(anonymous_1)
DA:2,4
DA:3,2
DA:6,2
DA:8,2
DA:9,24
LF:5
LH:5
BRDA:1,0,0,4
BRDA:2,1,0,2
BRDA:2,1,1,2
BRF:3
BRH:3
end_of_record
TN:
SF:src/utils/forecast/index.ts
FNF:0
FNH:0
LF:0
LH:0
BRF:0
BRH:0
end_of_record
TN:
SF:src/utils/moon/getMoonImage.utils.ts
FN:4,getMoonImage
FNF:1
FNH:1
FNDA:2,getMoonImage
DA:5,2
LF:1
LH:1
BRDA:5,0,0,2
BRDA:5,0,1,2
BRF:2
BRH:2
end_of_record
TN:
SF:src/utils/moon/index.ts
FNF:0
FNH:0
LF:0
LH:0
BRF:0
BRH:0
end_of_record
TN:
SF:src/utils/moon/isMoonPhase.utils.ts
FN:4,isMoonPhase
FNF:1
FNH:0
FNDA:0,isMoonPhase
DA:5,0
LF:1
LH:0
BRF:0
BRH:0
end_of_record
TN:
SF:src/utils/pressure/index.ts
FNF:0
FNH:0
LF:0
LH:0
BRF:0
BRH:0
end_of_record
TN:
SF:src/utils/pressure/pressure.utils.ts
FN:7,getArrowCoordinates
FNF:1
FNH:1
FNDA:8,getArrowCoordinates
DA:8,8
DA:9,8
DA:10,8
DA:11,8
DA:13,8
DA:14,8
DA:15,8
DA:16,8
DA:18,8
LF:9
LH:9
BRF:0
BRH:0
end_of_record
TN:
SF:src/utils/weather/getWeatherIcon.ts
FN:3,getWeatherIcon
FNF:1
FNH:0
FNDA:0,getWeatherIcon
DA:4,0
DA:6,0
DA:7,0
DA:8,0
DA:9,0
DA:10,0
DA:11,0
DA:13,0
DA:14,0
LF:9
LH:0
BRDA:6,0,0,0
BRDA:6,0,1,0
BRDA:7,1,0,0
BRDA:7,1,1,0
BRDA:8,2,0,0
BRDA:8,2,1,0
BRDA:9,3,0,0
BRDA:9,3,1,0
BRDA:10,4,0,0
BRDA:10,4,1,0
BRDA:11,5,0,0
BRDA:11,5,1,0
BRDA:14,6,0,0
BRDA:14,6,1,0
BRF:14
BRH:0
end_of_record
TN:
SF:src/utils/weather/index.ts
FNF:0
FNH:0
LF:0
LH:0
BRF:0
BRH:0
end_of_record
TN:
SF:src/utils/wind/index.ts
FNF:0
FNH:0
LF:0
LH:0
BRF:0
BRH:0
end_of_record
TN:
SF:src/utils/wind/windRotation.utils.ts
FN:3,windRotation
FNF:1
FNH:1
FNDA:3,windRotation
DA:4,3
DA:5,3
LF:2
LH:2
BRF:0
BRH:0
end_of_record
